# JRE version: Java(TM) SE Runtime Environment (17.0.10+11) (build 17.0.10+11-LTS-240)
# Java VM: Java HotSpot(TM) 64-Bit Server VM (17.0.10+11-LTS-240, mixed mode, sharing, tiered, compressed oops, compressed class ptrs, g1 gc, windows-amd64)
GC Precious Log:
 CPUs: 8 total, 8 available
 Memory: 7865M
 Large Page Support: Disabled
 NUMA Support: Disabled
 Compressed Oops: Enabled (32-bit)
 Heap Region Size: 1M
 Heap Min Capacity: 256M
 Heap Initial Capacity: 256M
 Heap Max Capacity: 512M
 Pre-touch: Disabled
 Parallel Workers: 8
 Concurrent Workers: 2
 Concurrent Refinement Workers: 8
 Periodic GC: Disabled
Heap:
 garbage-first heap   total 262144K, used 159902K [0x00000000e0000000, 0x0000000100000000)
  region size 1024K, 97 young (99328K), 17 survivors (17408K)
 Metaspace       used 62263K, committed 62912K, reserved 393216K
  class space    used 8634K, committed 8960K, reserved 327680K
GC Heap History (20 events):
Event: 41.230 GC heap before
{Heap before GC invocations=23 (full 0):
 garbage-first heap   total 262144K, used 216360K [0x00000000e0000000, 0x0000000100000000)
  region size 1024K, 153 young (156672K), 11 survivors (11264K)
 Metaspace       used 39015K, committed 39424K, reserved 393216K
  class space    used 5390K, committed 5568K, reserved 327680K
}
Event: 41.238 GC heap after
{Heap after GC invocations=24 (full 0):
 garbage-first heap   total 262144K, used 72177K [0x00000000e0000000, 0x0000000100000000)
  region size 1024K, 12 young (12288K), 12 survivors (12288K)
 Metaspace       used 39015K, committed 39424K, reserved 393216K
  class space    used 5390K, committed 5568K, reserved 327680K
}
Event: 42.308 GC heap before
{Heap before GC invocations=24 (full 0):
 garbage-first heap   total 262144K, used 216561K [0x00000000e0000000, 0x0000000100000000)
  region size 1024K, 153 young (156672K), 12 survivors (12288K)
 Metaspace       used 39016K, committed 39424K, reserved 393216K
  class space    used 5390K, committed 5568K, reserved 327680K
}
Event: 42.320 GC heap after
{Heap after GC invocations=25 (full 0):
 garbage-first heap   total 262144K, used 70610K [0x00000000e0000000, 0x0000000100000000)
  region size 1024K, 12 young (12288K), 12 survivors (12288K)
 Metaspace       used 39016K, committed 39424K, reserved 393216K
  class space    used 5390K, committed 5568K, reserved 327680K
}
Event: 43.895 GC heap before
{Heap before GC invocations=25 (full 0):
 garbage-first heap   total 262144K, used 214994K [0x00000000e0000000, 0x0000000100000000)
  region size 1024K, 153 young (156672K), 12 survivors (12288K)
 Metaspace       used 39017K, committed 39424K, reserved 393216K
  class space    used 5390K, committed 5568K, reserved 327680K
}
Event: 43.908 GC heap after
{Heap after GC invocations=26 (full 0):
 garbage-first heap   total 262144K, used 67372K [0x00000000e0000000, 0x0000000100000000)
  region size 1024K, 8 young (8192K), 8 survivors (8192K)
 Metaspace       used 39017K, committed 39424K, reserved 393216K
  class space    used 5390K, committed 5568K, reserved 327680K
}
Event: 45.841 GC heap before
{Heap before GC invocations=26 (full 0):
 garbage-first heap   total 262144K, used 215852K [0x00000000e0000000, 0x0000000100000000)
  region size 1024K, 153 young (156672K), 8 survivors (8192K)
 Metaspace       used 39018K, committed 39424K, reserved 393216K
  class space    used 5390K, committed 5568K, reserved 327680K
}
Event: 45.851 GC heap after
{Heap after GC invocations=27 (full 0):
 garbage-first heap   total 262144K, used 68148K [0x00000000e0000000, 0x0000000100000000)
  region size 1024K, 8 young (8192K), 8 survivors (8192K)
 Metaspace       used 39018K, committed 39424K, reserved 393216K
  class space    used 5390K, committed 5568K, reserved 327680K
}
Event: 48.724 GC heap before
{Heap before GC invocations=27 (full 0):
 garbage-first heap   total 262144K, used 216628K [0x00000000e0000000, 0x0000000100000000)
  region size 1024K, 153 young (156672K), 8 survivors (8192K)
 Metaspace       used 39018K, committed 39424K, reserved 393216K
  class space    used 5390K, committed 5568K, reserved 327680K
}
Event: 48.737 GC heap after
{Heap after GC invocations=28 (full 0):
 garbage-first heap   total 262144K, used 69721K [0x00000000e0000000, 0x0000000100000000)
  region size 1024K, 10 young (10240K), 10 survivors (10240K)
 Metaspace       used 39018K, committed 39424K, reserved 393216K
  class space    used 5390K, committed 5568K, reserved 327680K
}
Event: 51.136 GC heap before
{Heap before GC invocations=28 (full 0):
 garbage-first heap   total 262144K, used 216153K [0x00000000e0000000, 0x0000000100000000)
  region size 1024K, 153 young (156672K), 10 survivors (10240K)
 Metaspace       used 39020K, committed 39424K, reserved 393216K
  class space    used 5390K, committed 5568K, reserved 327680K
}
Event: 51.147 GC heap after
{Heap after GC invocations=29 (full 0):
 garbage-first heap   total 262144K, used 70401K [0x00000000e0000000, 0x0000000100000000)
  region size 1024K, 11 young (11264K), 11 survivors (11264K)
 Metaspace       used 39020K, committed 39424K, reserved 393216K
  class space    used 5390K, committed 5568K, reserved 327680K
}
Event: 53.378 GC heap before
{Heap before GC invocations=29 (full 0):
 garbage-first heap   total 262144K, used 215809K [0x00000000e0000000, 0x0000000100000000)
  region size 1024K, 153 young (156672K), 11 survivors (11264K)
 Metaspace       used 39020K, committed 39424K, reserved 393216K
  class space    used 5390K, committed 5568K, reserved 327680K
}
Event: 53.392 GC heap after
{Heap after GC invocations=30 (full 0):
 garbage-first heap   total 262144K, used 72145K [0x00000000e0000000, 0x0000000100000000)
  region size 1024K, 12 young (12288K), 12 survivors (12288K)
 Metaspace       used 39020K, committed 39424K, reserved 393216K
  class space    used 5390K, committed 5568K, reserved 327680K
}
Event: 54.763 GC heap before
{Heap before GC invocations=30 (full 0):
 garbage-first heap   total 262144K, used 216529K [0x00000000e0000000, 0x0000000100000000)
  region size 1024K, 153 young (156672K), 12 survivors (12288K)
 Metaspace       used 39031K, committed 39424K, reserved 393216K
  class space    used 5390K, committed 5568K, reserved 327680K
}
Event: 54.773 GC heap after
{Heap after GC invocations=31 (full 0):
 garbage-first heap   total 262144K, used 68641K [0x00000000e0000000, 0x0000000100000000)
  region size 1024K, 13 young (13312K), 13 survivors (13312K)
 Metaspace       used 39031K, committed 39424K, reserved 393216K
  class space    used 5390K, committed 5568K, reserved 327680K
}
Event: 59.737 GC heap before
{Heap before GC invocations=31 (full 0):
 garbage-first heap   total 262144K, used 218145K [0x00000000e0000000, 0x0000000100000000)
  region size 1024K, 153 young (156672K), 13 survivors (13312K)
 Metaspace       used 47208K, committed 47680K, reserved 393216K
  class space    used 6598K, committed 6848K, reserved 327680K
}
Event: 59.754 GC heap after
{Heap after GC invocations=32 (full 0):
 garbage-first heap   total 262144K, used 72897K [0x00000000e0000000, 0x0000000100000000)
  region size 1024K, 11 young (11264K), 11 survivors (11264K)
 Metaspace       used 47208K, committed 47680K, reserved 393216K
  class space    used 6598K, committed 6848K, reserved 327680K
}
Event: 66.927 GC heap before
{Heap before GC invocations=32 (full 0):
 garbage-first heap   total 262144K, used 195777K [0x00000000e0000000, 0x0000000100000000)
  region size 1024K, 132 young (135168K), 11 survivors (11264K)
 Metaspace       used 60048K, committed 60608K, reserved 393216K
  class space    used 8315K, committed 8576K, reserved 327680K
}
Event: 66.960 GC heap after
{Heap after GC invocations=33 (full 0):
 garbage-first heap   total 262144K, used 79006K [0x00000000e0000000, 0x0000000100000000)
  region size 1024K, 17 young (17408K), 17 survivors (17408K)
 Metaspace       used 60048K, committed 60608K, reserved 393216K
  class space    used 8315K, committed 8576K, reserved 327680K
}

